[    0.000000] Initializing cgroup subsys cpuset
[   0.000000] Initializing cgroup subsys cpu
[    0.000000] Initializing cgroup subsys cpuacct
[   .000000] Linux version 4.4.0-47-generic (buildd@lcy01-03) (gcc version 5.4.0 20160609 (Ubuntu 5.4.0-6ubuntu1~16.04.2) ) #68-Ubuntu SMP Wed Oct 26 19:39:52 UTC 2016 (Ubuntu 4.4.0-47.68-generi4.4.24)
[    0.000000] Command line: BOOT_IMAGE=/boot/vmlinuz-4.4.0-47-generic root=LABEL=cloudimg-rootfs ro console=tty1 console=ttyS0
[   .000000] KERNEL supported cpus:
[   .000000]   Intel GenuineIntel
[    0.000000]   AMD AuthenticAMD
[   .000000]   Centaur CentaurHauls
[    0.000000] x86/fpu: Legacy x87 FPU detected.
[   .000000] x86/fpu: Using 'lazy' FPU context switches.
[   .000000] e820: BIOS-provided physical RAM map:
[    0.000000] BIOS-e820: [mem 0x0000000000000000-0x000000000009fbff] usable
[    0.000000] BIOS-e820: [mem 0x000000000009fc00-0x000000000009ffff] reserved
[    0.000000] BIOS-e820: [mem 0x00000000000f0000-0x00000000000fffff] reserved
[    0.000000] BIOS-e820: [mem 0x0000000000100000-0x000000007ffeffff] usable
[    0.000000] BIOS-e820: [mem 0x000000007fff0000-0x000000007fffffff] ACPI data
[    0.000000] BIOS-e820: [mem 0x00000000fec00000-0x00000000fec00fff] reserved
[    0.000000] BIOS-e820: [mem 0x00000000fee00000-0x00000000fee00fff] reserved
[    0.000000] BIOS-e820: [mem 0x00000000fffc0000-0x00000000ffffffff] reserved
[    0.000000] NX (Execute Disable) protection: active
[    0.000000] SMBIOS 2.5 present.
[    0.000000] Hypervisor detected: KVM
[    0.000000] e820: last_pfn 0x7fff0 max_arch_pfn = 0x400000000
[   0.0000 MTRR: Disabled
[    0.000000] x86/PAT: MTRRs disabled, skipping PAT initialization too.
[    0.000000] x86/PAT: Configuration [0-7]: WB  WT  UC- UC  WB  WT  UC- UC  
[    0.000000] CPU MTRRs all blank - virtualized system.
[   .000000] found SMP MP-table at [mem 0x0009fff0-0x0009ffff] mapped at [ffff88000009fff0]
[    0.000000] Scanning 1 areas for low memory corruption
[    0.000000] RAMDISK: [mem 0x36fde000-0x377e6fff]
[    0.000000] ACPI: Early table checksum verification disabled
[    0.000000] ACPI: RSDP 0x0000000000E0000 000024 (v02 VBOX  )
[   .000000] ACPI: XSDT 0x000000007FFF0030 00003C (v01 VBOX   VBOXXSDT 00000001 ASL  00000061)
[    0.000000] ACPI: FACP 0x000000007FFF00F0 0000F4 (v04 VBOX   VBOXFACP 00000001 ASL  00000061)
[    0.000000] ACPI: DSDT 0x000000007FFF0470 00210F (v01 VBOX   VBOXBIOS 00000002 INTL 20100528)
[   .000000] ACPI: FACS 0x000000007FFF0200 000040
[    0.000000] ACPI: FACS 0x000000007FFF0200 000040
[   0.000000] ACPI: APIC 0x000000007FFF0240 00005C (v02 VBOX   VBOXAPIC 00000001 ASL  00000061)
[    0.000000] ACPI: SSDT 0x000000007FFF02A0 0001CC (v01 VBOX   VBOXCPUT 00000002 INTL 20100528)
[   .000000] No NUMA configuration found
[   .000000] Faking a node at [mem 0x0000000000000000-0x000000007ffeffff]
[    0.000000] NODE_DATA(0) allocated [mem 0x7ffeb000-0x7ffeffff]
[   .000000] kvm-clock: Using msrs 4b564d01 and 4b564d00
[    0.000000] kvm-clock: cpu 0, msr 0:7ff701, primary cpu clock
[   .000000] kvm-clock: using sched offset of 3970174565 cycles
[   .000000] clocksource: kvm-clock: mask: 0xffffffffffffffff max_cycles: 0x1cd42e4dffb, max_idle_ns: 881590591483 ns
[    0.000000] Zone ranges:
[   .000000]   DMA      [mem 0x0000000000001000-0x0000000000ffffff]
[   .000000]   DMA32    [mem 0x0000000001000000-0x000000007ffeffff]
[    0.000000]   Normal   empty
[    0.000000]   Device   empty
[    0.000000] Movable zone start for each node
[    0.000000] Early memory node ranges
[    0.000000]   node   0: [mem 0x0000000000001000-0x000000000009efff]
[   0.000000]   node   0: [mem 0x0000000000100000-0x000000007ffeffff]
[   .000000] Initmem setup node 0 [mem 0x0000000000001000-0x000000007ffeffff]
[    0.000000] ACPI: PM-Timer IO Port: 0x4008
[    0.000000] IOAPIC[0]: apic_id 2, version 32, address 0xfec00000, GSI 0-23
[   .000000] ACPI: INT_SRC_OVR (bus 0 bus_irq 0 global_irq 2  dfl dfl)
[    0.000000] ACPI: INT_SRC_OVR (bus 0 bus_irq 9 global_irq 9 high level)
[    0.000000] Using ACPI (MADT) for SMP configuration information
[    0.000000] smpboot: Allowing 2 CPUs, 0 hotplug CPUs
[    0.000000] PM: Registered nosave memory: [mem 0x00000000-0x00000fff]
[    0.000000] PM: Registered nosave memory: [mem 0x0009f000-0x0009ffff]
[    0.000000] PM: Registered nosave memory: [mem 0x000a0000-0x000effff]
[    0.000000] PM: Registered nosave memory: [mem 0x000f0000-0x000fffff]
[    0.000000] e820: [mem 0x80000000-0xfebfffff] available for PCI devices
[    0.000000] Booting paravirtualized kernel on KVM
[    0.000000] clocksource: refined-jiffies: mask: 0xffffffff max_cycles: 0xffffffff, max_idle_ns: 7645519600211568 ns
[    0.000000] setup_percpu: NR_CPUS:256 nr_cpumask_bits:256 nr_cpu_ids:2 nr_node_ids:1
[    0.000000] PERCPU: Ebeded 33 pages/cpu @ffff88007fc00000 s98008 r8192 d28968 u1048576
[    0.000000] PV qspinlock hash table entries: 256 (order: 0, 4096 bytes)
[    0.000000] Built 1 zonelists in Node order, mobility grouping on.  Total pages: 515961
[   0.000000] Policy zone: DMA32
[    0.000000] Kernel command line: BOOT_IMAGE=/boot/vmlinuz-4.4.0-47-generic root=LABEL=cloudimg-rootfs ro console=tty1 console=ttyS0
[    0.000000] PID hash table entries: 4096 (order: 3, 32768 bytes)
[   0.000000] Memory: 2036596K/2096696K available (8423K kernel code, 185K rwdata, 3952K rodata, 1480K init, 1292K bss, 60100K reserved, 0K cma-reserved)
[   .000000] SLUB: HWalign=64, Order=0-3, MinObjects=0, CPUs=2, Nodes=1
[   .000000] Hierarchical RCU implementation.
[    0.000000] 	Build-time adjustment of leaf fanout to 64.
[    0.000000] 	RCU restricting CPUs from NR_CPUS=256 to nr_cpu_ids=2.
[    0.000000] RCU: Adjusting geometry for rcu_fanout_leaf=64, nr_cpu_ids=2
[   0.000000] NR_IRQS:16640 nr_irqs:440 16
[   .000000] Console: colour VGA+ 80x25
[    0.000000] console [tty1] enabled
[    0.000000] console [ttyS0] enabled
[    0.000000] tsc: Detected 3051.334 MHz processor
[    2.349661] Calibrating delay loop (skipped) preset value.. 6102.66 BogoMIPS (lpj=12205336)
[    2.356812] pid_max: default: 32768 minimum: 301
[    2.361192] ACPI: Core revision 20150930
[    2.368262] ACPI: 2 ACPI AML tables successfully acquired and loaded
[    2.376781] Security Framework initialized
[    2.380978] Yama: becoming mindful.
[    2.384536] AppArmor: AppArmor initialized
[    2.389876] Dentry cache hash table entries: 262144 (order: 9, 2097152 bytes)
[    2.405450] Inode-cache hash table entries: 131072 (order: 8, 1048576 bytes)
[    2.414815] Mount-cache hash table entries: 4096 (order: 3, 32768 bytes)
[    2.420485] Mountpoint-cache hash table entries: 4096 (order: 3, 32768 bytes)
[    2.427522] Initializing cgroup subsys io
[    2.435075] Initializing cgroup subsys memory
[    2.439732] Initializing cgroup subsys devices
[    2.444121] Initializing cgroup subsys freezer
[    2.448195] Initializing cgroup subsys net_cls
[    2.451991] Initializing cgroup subsys perf_event
[    2.456144] Initializing cgroup subsys net_prio
[    2.460228] Initializing cgroup subsys hugetlb
[    2.464251] Initializing cgroup subsys pids
[    2.468435] CPU: Physical Processor ID: 0
[    2.477536] CPU: Processor Core ID: 0
[    2.480155] mce: CPU supports 0 MCE banks
[    2.482265] Last level iTLB entries: 4KB 128, 2MB 4, 4MB 4
[    2.485458] Last level dTLB entries: 4KB 256, 2MB 0, 4MB 32, 1GB 0
[    2.491741] Freeing SMP alternatives memory: 32K (ffffffff820b5000 - ffffffff820bd000)
[    2.515659] ftrace: allocating 32047 entries in 126 pages
[    2.588820] smpboot: Max logical packages: 1
[    2.604674] smpboot: APIC(0) Converting physical 0 to logical package 0
[    2.660609] x2apic enabled
[    2.672418] Switched APIC routing to physical x2apic.
[    2.689078] ..TIMER: vector=0x30 apic1=0 pin1=2 apic2=-1 pin2=-1
[    2.802814] smpboot: CPU0: Intel(R) Core(TM)2 Duo CPU     E7600  @ 3.06GHz (family: 0x6, model: 0x17, stepping: 0xa)
[    2.832555] Performance Events: unsupported p6 CPU model 23 no PMU driver, software events only.
[    2.845181] KVM setup paravirtual spinlock
[    2.856363] x86: Booting SMP configuration:
[    2.859793] .... node  #0, CPUs:      #1
[    2.865641] kvm-clock: cpu 1, msr 0:7ffe7041, secondary cpu clock
[    2.896052] mce: CPU supports 0 MCE banks
[    2.910022] x86: Booted up 1 node, 2 CPUs
[    2.917512] smpboot: Total of 2 processors activated (12205.33 BogoMIPS)
[    2.923391] devtmpfs: initialized
[    2.928734] evm: security.selinux
[    2.931948] evm: security.SMACK64
[    2.935600] evm: security.SMACK64EXEC
[    2.939236] evm: security.SMACK64TRANSMUTE
[    2.943086] evm: security.SMACK64MMAP
[    2.946268] evm: security.ima
[    2.949788] evm: security.capability
[    2.953519] clocksource: jiffies: mask: 0xffffffff max_cycles: 0xffffffff, max_idle_ns: 7645041785100000 ns
[    2.957246] pinctrl core: initialized pinctrl subsystem
[    2.960652] RTC time: 10:59:19, date: 11/19/16
[    2.964877] NET: Registered protocol family 16
[    2.976449] cpuidle: using governor ladder
[    2.987274] cpuidle: using governor menu
[    2.989659] PCCT header not found.
[    2.992234] ACPI: bus type PCI registered
[    2.994824] acpiphp: ACPI Hot Plug PCI Controller Driver version: 0.5
[    3.000040] PCI: Using configuration type 1 for base access
[    3.030138] ACPI: Added _OSI(Module Device)
[    3.036759] ACPI: Added _OSI(Processor Device)
[    3.043469] ACPI: Added _OSI(3.0 _SCP Extensions)
[    3.052007] ACPI: Added _OSI(Processor Aggregator Device)
[    3.062265] ACPI: Executed 1 blocks of module-level executable AML code
[    3.190813] ACPI: Interpreter enabled
[    3.196299] ACPI: (supports S0 S5)
[    3.204329] ACPI: Using IOAPIC for interrupt routing
[    3.212640] PCI: Using host bridge windows from ACPI; if necessary, use "pci=nocrs" and report a bug
[    3.225967] ACPI: PCI Root Bridge [PCI0] (domain 0000 [bus 00-ff])
[    3.235435] acpi PNP0A03:00: _OSC: OS supports [ASPM ClockPM Segments MSI]
[    3.241189] acpi PNP0A03:00: _OSC failed (AE_NOT_FOUND); disabling ASPM
[    3.245232] acpi PNP0A03:00: fail to add MMCONFIG information, can't access extended PCI configuration space under this bridge.
[    3.251556] PCI host bridge to bus 0000:00
[    3.256597] pci_bus 0000:00: root bus resource [io  0x0000-0x0cf7 window]
[    3.261319] pci_bus 0000:00: root bus resource [io  0x0d00-0xffff window]
[    3.265810] pci_bus 0000:00: root bus resource [mem 0x000a0000-0x000bffff window]
[    3.270161] pci_bus 0000:00: root bus resource [mem 0x80000000-0xffdfffff window]
[    3.274312] pci_bus 0000:00: root bus resource [bus 00-ff]
[    3.280335] pci 0000:00:01.1: legacy IDE quirk: reg 0x10: [io  0x01f0-0x01f7]
[    3.285934] pci 0000:00:01.1: legacy IDE quirk: reg 0x14: [io  0x03f6]
[    3.291211] pci 0000:00:01.1: legacy IDE quirk: reg 0x18: [io  0x0170-0x0177]
[    3.294796] pci 0000:00:01.1: legacy IDE quirk: reg 0x1c: [io  0x0376]
[    3.397188] pci 0000:00:07.0: quirk: [io  0x4000-0x403f] claimed by PIIX4 ACPI
[    3.405728] pci 0000:00:07.0: quirk: [io  0x4100-0x410f] claimed by PIIX4 SMB
[    3.449644] ACPI: PCI Interrupt Link [LNKA] (IRQs 5 9 10 *11)
[    3.465319] ACPI: PCI Interrupt Link [LNKB] (IRQs 5 9 10 *11)
[    3.483170] ACPI: PCI Interrupt Link [LNKC] (IRQs 5 9 *10 11)
[    3.493220] ACPI: PCI Interrupt Link [LNKD] (IRQs 5 *9 10 11)
[    3.517014] ACPI: Enabled 2 GPEs in block 00 to 07
[    3.529537] vgaarb: setting as boot device: PCI:0000:00:02.0
[    3.532624] vgaarb: device added: PCI:0000:00:02.0,decodes=io+mem,owns=io+mem,locks=none
[    3.558599] vgaarb: loaded
[    3.560984] vgaarb: bridge control possible 0000:00:02.0
[    3.567620] SCSI subsystem initialized
[    3.572735] ACPI: bus type USB registered
[    3.576364] usbcore: registered new interface driver usbfs
[    3.584633] usbcore: registered new interface driver hub
[    3.588993] usbcore: registered new device driver usb
[    3.592627] PCI: Using ACPI for IRQ routing
[    3.602067] NetLabel: Initializing
[    3.604855] NetLabel:  domain hash size = 128
[    3.613369] NetLabel:  protocols = UNLABELED CIPSOv4
[    3.626925] NetLabel:  unlabeled traffic allowed by default
[    3.630733] amd_nb: Cannot enumerate AMD northbridges
[    3.634189] clocksource: Switched to clocksource kvm-clock
[    3.656215] AppArmor: AppArmor Filesystem Enabled
[    3.663925] pnp: PnP ACPI init
[    3.668613] pnp: PnP ACPI: found 3 devices
[  36923 clocksource: acpi_pm: mask: 0xffffff max_cycles: 0xffffff, max_idle_ns: 2085701024 ns
[   3.89346] NET: Rgiteedroocol family 2

[    4.254860 TP stblhe hshtaleenris:1684(order: 5, 131072 bytes)
[    4.805477] TCP bind hash table entries: 16384 (order: 6, 262144 bytes)
[   80289] TCP: Hash tables configured (established 16384 bind 16384)
[   4.958037] UDP hash table entries: 1024 (order: 3, 32768 bytes)
[   5.01389] UDPLie as tblentries: 1024 (order: 3, 32768 bytes)
[    5.392179] NET: Registered protocol family 1
[    5.394936] pci 0000:00:00.0: Limiting direct PCI/PCI transfers
[    5.402409] pci 0000:00:01.0: Activating ISA DMA hang workarounds
[    5.445] ryg o npack rootfs image as initramfs...
[  72700] Freengintr mmory: 8228K (ffff880036fde000 - ffff8800377e7000)

[    7.625770] platform rtc_cmos: registered platform RTC device (no PNP device found)
[    7.632565] Scanning for low memory corruption every 60 seconds
[    7.636979] futex hash table entries: 512 (order: 3, 32768 bytes)
[    7.646237] audit: initializing netlink subsys (disabled)
[    7.680549] audit: type=2000 audit(1479553167.390:1): initialized
[    7.722912] Initialise system trusted keyring
[    7.753017] HugeTLB registered 2 MB page size, pre-allocated 0 pages
[    7.807206] zbud: loaded
[    7.810826] VFS: Disk quotas dquot_6.6.0
[    7.815266] VFS: Dquot-cache hash table entries: 512 (order 0, 4096 bytes)
[    7.826749] squashfs: version 4.0 (2009/01/31) Phillip Lougher
[    7.848887] fuse init (API version 7.23)
[    7.851714] Key type big_key registered
[    7.854111] Allocating IMA MOK and blacklist keyrings.
[    7.859132] Key type asymmetric registered
[    7.861922] Asymmetric key parser 'x509' registered
[    7.866019] Block layer SCSI generic (bsg) driver version 0.4 loaded (major 249)
[    7.873146] io scheduler noop registered
[    7.897952] io scheduler deadline registered (default)
[    7.899958] io scheduler cfq registered
[    7.904494] pci_hotplug: PCI Hot Plug PCI Core version: 0.5
[    7.920775] pciehp: PCI Express Hot Plug Controller Driver version: 0.4
[    7.925180] ACPI: AC Adapter [AC] (on-line)
[    7.934434] input: Power Button as /devices/LNXSYSTM:00/LNXPWRBN:00/input/input0
[    7.958735] ACPI: Power Button [PWRF]
[    7.967210] input: Sleep Button as /devices/LNXSYSTM:00/LNXSLPBN:00/input/input1
[    7.973716] ACPI: Sleep Button [SLPF]
[    7.977233] GHES: HEST is not enabled!
[    7.978942] Serial: 8250/16550 driver, 32 ports, IRQ sharing enabled
[    8.013772] 00:02: ttyS0 at I/O 0x3f8 (irq = 4, base_baud = 115200) is a 16550A
[    8.019654] Linux agpgart interface v0.103
[    8.030737] brd: module loaded
[    8.037254] loop: module loaded
[    8.048766] scsi host0: ata_piix
[    8.051098] scsi host1: ata_piix
[    8.054345] ata1: PATA max UDMA/33 cmd 0x1f0 ctl 0x3f6 bmdma 0xd000 irq 14
[    8.057900] ata2: PATA max UDMA/33 cmd 0x170 ctl 0x376 bmdma 0xd008 irq 15
[    8.060708] libphy: Fixed MDIO Bus: probed
[    8.062828] tun: Universal TUN/TAP device driver, 1.6
[    8.064730] tun: (C) 1999-2004 Max Krasnyansky <maxk@qualcomm.com>
[    8.077077] PPP generic driver version 2.4.2
[    8.081305] ehci_hcd: USB 2.0 'Enhanced' Host Controller (EHCI) Driver
[    8.087725] ehci-pci: EHCI PCI platform driver
[    8.092409] ehci-platform: EHCI generic platform driver
[    8.096695] ohci_hcd: USB 1.1 'Open' Host Controller (OHCI) Driver
[    8.103306] ohci-pci: OHCI PCI platform driver
[    8.106847] ohci-platform: OHCI generic platform driver
[    8.113531] uhci_hcd: USB Universal Host Controller Interface driver
[    8.117107] i8042: PNP: PS/2 Controller [PNP0303:PS2K,PNP0f03:PS2M] at 0x60,0x64 irq 1,12
[    8.128517] serio: i8042 KBD port at 0x60,0x64 irq 1
[    8.135993] serio: i8042 AUX port at 0x60,0x64 irq 12
[    8.154885] mousedev: PS/2 mouse device common for all mice
[    8.158496] input: AT Translated Set 2 keyboard as /devices/platform/i8042/serio0/input/input2
[    8.167007] rtc_cmos rtc_cmos: rtc core: registered rtc_cmos as rtc0
[    8.173554] rtc_cmos rtc_cmos: alarms up to one day, 114 bytes nvram
[   8.176462] i2c /dev entries driver
[    8.227116] device-mapper: uevent: version 1.0.3
[    8.230407] device-mapper: ioctl: 4.34.0-ioctl (2015-10-28) initialised: dm-devel@redhat.com
[    8.236569] ledtrig-cpu: registered to indicate activity on CPUs
[    8.241132] NET: Registered protocol family 10
[    8.244435] NET: Registered protocol family 17
[    8.248108] Key type dns_resolver registered
[    8.252614] microcode: CPU0 sig=0x1067a, pf=0x40, revision=0x60b
[    8.257474] microcode: CPU1 sig=0x1067a, pf=0x40, revision=0x60b
[    8.259710] microcode: Microcode Update Driver: v2.01 <tigran@aivazian.fsnet.co.uk>, Peter Oruba
[    8.266290] registered taskstats version 1
[   .223] oain cmple-i X50 crtices
[   .89959] Loaded X.509 cert 'Build time autogenerated kernel key: f7bc719d96df7c6d6fed8f4b9fd5d4ff001383c8'
[    9.030484] zswap: loaded using pool lzo/zbud
[    9.046443] Key type trusted registered
[    9.069218] Key type encrypted registered
[    9.076577] AppArmor: AppArmor sha1 policy hashing enabled
[    9.078666] ima: No TPM chip found, activating TPM-bypass!
[    9.084638] evm: HMAC attrs: 0x1
[    9.092357]   Magic number: 8:959:982
[    9.096741] rtc_cmos rtc_cmos: setting system clock to 2016-11-19 10:59:26 UTC (1479553166)
[    9.104645] BIOS EDD facility v0.16 2004-Jun-25, 0 devices found
[    9.108677] EDD information not available.
[    9.117616] Freeing unused kernel memory: 1480K (ffffffff81f43000 - ffffffff820b5000)
[    9.126948] Write protecting the kernel read-only data: 14336k
[    9.150898] Freeing unused kernel memory: 1804K (ffff88000183d000 - ffff880001a00000)
[    9.160029] Freeing unused kernel memory: 144K (ffff880001ddc000 - ffff880001e00000)
Loading, please wait...
starting version 229
[    9.270190] random: systemd-udevd: uninitialized urandom read (16 bytes read, 4 bits of entropy available)
[    9.280067] random: udevadm: uninitialized urandom read (16 bytes read, 4 bits of entropy available)
[    9.280236] random: udevadm: uninitialized urandom read (16 bytes read, 4 bits of entropy available)
[    9.280767] random: udevadm: uninitialized urandom read (16 bytes read, 4 bits of entropy available)
[    9.280862] random: udevadm: uninitialized urandom read (16 bytes read, 4 bits of entropy available)
[    9.280962] random: udevadm: uninitialized urandom read (16 bytes read, 4 bits of entropy available)
[    9.281046] random: udevadm: uninitialized urandom read (16 bytes read, 4 bits of entropy available)
[    9.281183] random: udevadm: uninitialized urandom read (16 bytes read, 4 bits of entropy available)
[    9.281275] random: udevadm: uninitialized urandom read (16 bytes read, 4 bits of entropy available)
[    9.281360] random: udevadm: uninitialized urandom read (16 bytes read, 4 bits of entropy available)
[    9.487970] Fusion MPT base driver 3.04.20
[    9.502272] Copyright (c) 1999-2008 LSI Corporation
[    9.508033] e1000: Intel(R) PRO/1000 Network Driver - version 7.3.21-k8-NAPI
[    9.513399] e1000: Copyright (c) 1999-2006 Intel Corporation.
[    9.568480] Fusion MPT SPI Host driver 3.04.20
[    9.836855] input: ImExPS/2 Generic Explorer Mouse as /devices/platform/i8042/serio1/input/input4
[   10.039357] tsc: Refined TSC clocksource calibration: 3054.123 MHz
[   10.057075] clocksource: tsc: mask: 0xffffffffffffffff max_cycles: 0x2c05fd148c5, max_idle_ns: 440795219995 ns
[   10.291018] e1000 0000:00:03.0 eth0: (PCI:33MHz:32-bit) 02:fb:bf:71:66:a5
[   10.322854] e1000 0000:00:03.0 eth0: Intel(R) PRO/1000 Network Connection
[   10.328692] mptbase: ioc0: Initiating bringup
[   10.332001] e1000 0000:00:03.0 enp0s3: renamed from eth0
[   10.398935] ioc0: LSI53C1030 A0: Capabilities={Initiator}
[   10.581647] scsi host2: ioc0: LSI53C1030 A0, FwRev=00000000h, Ports=1, MaxQ=256, IRQ=20
[   10.703430] scsi 2:0:0:0: Direct-Access     VBOX     HARDDISK         1.0  PQ: 0 ANSI: 5
[   10.717450] scsi target2:0:0: Beginning Domain Validation
[   10.729292] scsi target2:0:0: Domain Validation skipping write tests
[   10.737031] scsi target2:0:0: Ending Domain Validation
[   10.744536] scsi target2:0:0: asynchronous
[   10.753575] scsi 2:0:1:0: Direct-Access     VBOX     HARDDISK         1.0  PQ: 0 ANSI: 5
[   10.759097] scsi target2:0:1: Beginning Domain Validation
[   10.766116] scsi target2:0:1: Domain Validation skipping write tests
[   10.771210] scsi target2:0:1: Ending Domain Validation
[   10.777028] scsi target2:0:1: asynchronous
[   10.800834] sd 2:0:0:0: [sda] 20971520 512-byte logical blocks: (10.7 GB/10.0 GiB)
[   10.801309] sd 2:0:0:0: Attached scsi generic sg0 type 0
[   10.802084] sd 2:0:1:0: Attached scsi generic sg1 type 0
[   10.841689] sd 2:0:1:0: [sdb] 20480 512-byte logical blocks: (10.5 MB/10.0 MiB)
[   10.841810] sd 2:0:0:0: [sda] Write Protect is off
[   10.841931] sd 2:0:0:0: [sda] Incomplete mode parameter data
[   10.841932] sd 2:0:0:0: [sda] Assuming drive cache: write through
[   10.860460]  sda: sda1
[   10.861380] sd 2:0:0:0: [sda] Attached SCSI disk
[   10.876550] sd 2:0:1:0: [sdb] Write Protect is off
[   10.905546] sd 2:0:1:0: [sdb] Incomplete mode parameter data
[   11.136333] sd 2:0:1:0: [sdb] Assuming drive cache: write through
[   11.161757] sd 2:0:1:0: [sdb] Attached SCSI disk
[   12.654361] floppy0: no floppy controllers found
Begin: Loading essential drivers ... [   15.106344] md: linear personality registered for level -1
[   15.124619] md: multipath personality registered for level -4
[   15.142000] md: raid0 personality registered for level 0
[   15.162542] md: raid1 personality registered for level 1
[   15.258406] raid6: sse2x1   gen()  4362 MB/s
[   15.330774] raid6: sse2x1   xor()  4958 MB/s
[   15.402394] raid6: sse2x2   gen()  6795 MB/s
[   15.474387] raid6: sse2x2   xor()  6129 MB/s
[   15.630405] raid6: sse2x4   gen()  8792 MB/s
[   15.706220] raid6: sse2x4   xor()  6884 MB/s
[   15.825687] raid6: using algorithm sse2x4 gen() 8792 MB/s
[   15.924224] raid6: .... xor() 6884 MB/s, rmw enabled
[   15.957260] raid6: using ssse3x2 recovery algorithm
[   15.965593] xor: measuring software checksum speed
[   16.058448]    prefetch64-sse: 23167.000 MB/sec
[   16.115685]    generic_sse: 19359.000 MB/sec
[   16.117431] xor: using function: prefetch64-sse (23167.000 MB/sec)
[   16.125585] async_tx: api initialized (async)
[   16.155692] md: raid6 personality registered for level 6
[   16.165603] md: raid5 personality registered for level 5
[   16.174239] md: raid4 personality registered for level 4
[   16.211207] md: raid10 personality registered for level 10
done.
Begin: Running /scripts/init-premount ... done.
Begin: Mounting root file system ... Begin: Running /scripts/local-top ... done.
Begin: Running /scripts/local-premount ... [   16.337921] Btrfs loaded
Scanning for Btrfs filesystems
done.
Warning: fsck not present, so skipping root file[   16.566915] EXT4-fs (sda1): mounted filesystem with ordered data mode. Opts: (null)
 system
done.
Begin: Running /scripts/local-bottom ... done.
Begin: Running /scripts/init-bottom ... Warning: overlayroot: debug is busted
done.
[   16.802920] systemd[1]: systemd 229 running in system mode. (+PAM +AUDIT +SELINUX +IMA +APPARMOR +SMACK +SYSVINIT +UTMP +LIBCRYPTSETUP +GCRYPT +GNUTLS +ACL +XZ -LZ4 +SECCOMP +BLKID +ELFUTILS +KMOD -IDN)
[   16.864774] systemd[1]: Detected virtualization oracle.
[   16.902719] systemd[1]: Detected architecture x86-64.

Welcome to [1mUbuntu 16.04.1 LTS[0m!

[   16.961412] systemd[1]: Set hostname to <ubuntu>.
[   16.974034] systemd[1]: Initializing machine ID from random generator.
[   17.004558] systemd[1]: Installed transient /etc/machine-id file.
[   17.259946] systemd[1]: Listening on Journal Socket.
[[0;32m  OK  [0m] Listening on Journal Socket.
[   17.315283] systemd[1]: Created slice User and Session Slice.
[[0;32m  OK  [0m] Created slice User and Session Slice.
[   17.335094] systemd[1]: Listening on Journal Socket (/dev/log).
[[0;32m  OK  [0m] Listening on Journal Socket (/dev/log).
[   17.374822] systemd[1]: Listening on LVM2 poll daemon socket.
[[0;32m  OK  [0m] Listening on LVM2 poll daemon socket.
[   17.415607] systemd[1]: Started Forward Password Requests to Wall Directory Watch.
[[0;32m  OK  [0m] Started Forward Password Requests to Wall Directory Watch.
[   17.441560] systemd[1]: Listening on udev Kernel Socket.
[[0;32m  OK  [0m] Listening on udev Kernel Socket.
[   17.460908] systemd[1]: Listening on LVM2 metadata daemon socket.
[[0;32m  OK  [0m] Listening on LVM2 metadata daemon socket.
[   17.506966] systemd[1]: Reached target Swap.
[[0;32m  OK  [0m] Reached target Swap.
[   17.558777] systemd[1]: Listening on Journal Audit Socket.
[[0;32m  OK  [0m] Listening on Journal Audit Socket.
[   17.572279] systemd[1]: Listening on udev Control Socket.
[[0;32m  OK  [0m] Listening on udev Control Socket.
[   17.590733] systemd[1]: Created slice System Slice.
[[0;32m  OK  [0m] Created slice System Slice.
[   17.611120] systemd[1]: Created slice system-serial\x2dgetty.slice.
[[0;32m  OK  [0m] Created slice system-serial\x2dgetty.slice.
[   17.639362] systemd[1]: Starting Set console keymap...
         Starting Set console keymap...
[   17.661464] systemd[1]: Starting Create list of required static device nodes for the current kernel...
         Starting Create list of required st... nodes for the current kernel...
[   17.684583] systemd[1]: Starting Uncomplicated firewall...
         Starting Uncomplicated firewall...
[   17.713076] systemd[1]: Mounting Huge Pages File System...
         Mounting Huge Pages File System...
[   17.740146] systemd[1]: Mounting Debug File System...
         Mounting Debug File System...
[   17.773374] systemd[1]: Listening on /dev/initctl Compatibility Named Pipe.
[[0;32m  OK  [0m] Listening on /dev/initctl Compatibility Named Pipe.
[   17.790723] systemd[1]: Set up automount Arbitrary Executable File Formats File System Automount Point.
[[0;32m  OK  [0m] Set up automount Arbitrary Executab...ats File System Automount Point.
[   17.808294] random: nonblocking pool is initialized
[   17.811592] systemd[1]: Reached target Slices.
[[0;32m  OK  [0m] Reached target Slices.
[   17.871298] systemd[1]: Starting Load Kernel Modules...
         Starting Load Kernel Modules...
[   17.896043] Loading iSCSI transport class v2.0-870.
[   17.901872] systemd[1]: Starting Remount Root and Kernel File Systems...
         Starting Remount Root and Kernel File Systems...
[   17.922374] systemd[1]: Listening on Device-mapper event daemon FIFOs.
[   17.926353] EXT4-fs (sda1): re-mounted. Opts: (null)
[[0;32m  OK  [0m] Listening on Device-mapper event daemon FIFOs.
[   17.933247] iscsi: registered transport (tcp)
[   17.952408] systemd[1]: Starting Monitoring of LVM2 mirrors, snapshots etc. using dmeventd or progress polling...
         Starting Monitoring of LVM2 mirrors... dmeventd or progress polling...
[   17.975969] systemd[1]: Listening on Syslog Socket.
[[0;32m  OK  [0m] Listening on Syslog Socket.
[   18.013058] systemd[1]: Starting Journal Service...
         Startin[   18.022484] iscsi: registered transport (iser)
g Journal Service...
[   18.034808] systemd[1]: Reached target User and Group Name Lookups.
[[0;32m  OK  [0m] Reached target User and Group Name Lookups.
[   18.066997] systemd[1]: Mounting POSIX Message Queue File System...
         Mounting POSIX Message Queue File System...
[   18.091323] systemd[1]: Starting Nameserver information manager...
         Starting Nameserver information manager...
[   18.106125] systemd[1]: Reached target Encrypted Volumes.
[[0;32m  OK  [0m] Reached target Encrypted Volumes.
[   18.157086] systemd[1]: Mounted Debug File System.
[[0;32m  OK  [0m] Mounted Debug File System.
[   18.173204] systemd[1]: Mounted Huge Pages File System.
[[0;32m  OK  [0m] Mounted Huge Pages File System.
[   18.193596] systemd[1]: Mounted POSIX Message Queue File System.
[[0;32m  OK  [0m] Mounted POSIX Message Queue File System.
[   18.205373] systemd[1]: Started Journal Service.
[[0;32m  OK  [0m] Started Journal Service.
[[0;32m  OK  [0m] Started Set console keymap.
[[0;32m  OK  [0m] Started Create list of required sta...ce nodes for the current kernel.
[[0;32m  OK  [0m] Started Uncomplicated firewall.
[[0;32m  OK  [0m] Started Load Kernel Modules.
[[0;32m  OK  [0m] Started Remount Root and Kernel File Systems.
[[0;32m  OK  [0m] Started Nameserver information manager.
[[0;32m  OK  [0m] Started LVM2 metadata daemon.
         Starting udev Coldplug all Devices...
         Starting Load/Save Random Seed...
         Starting Apply Kernel Variables...
         Mounting FUSE Control File System...
         Starting Create Static Device Nodes in /dev...
         Starting Flush Journal to Persistent Storage...
[[0;32m  OK  [0m] Mounted FUSE Control File System.
[[0;32m  OK  [0m] Started Load/Save Random Seed.
[[0;32m  OK  [0m] Started Apply Kernel Variables.
[[0;32m  OK  [0m] Started Create Static Device Nodes in /dev.
         Starting udev Kernel Device Manager...
[[0;32m  OK  [0m] Started Flush Journal to Persistent Storage.
[[0;32m  OK  [0m] Started udev Kernel Device Manager.
[[0;32m  OK  [0m] Started udev Coldplug all Devices.
[[0;32m  OK  [0m] Started Dispatch Password Requests to Console Directory Watch.
[[0;32m  OK  [0m] Started Monitoring of LVM2 mirrors,...ng dmeventd or progress polling.
[[0;32m  OK  [0m] Reached target Local File Systems (Pre).
[[0;32m  OK  [0m] Reached target Local File Systems.
         Starting Initial cloud-init job (pre-networking)...
         Starting LSB: AppArmor initialization...
         Starting Tell Plymouth To Write Out Runtime Data...
         Starting Commit a transient machine-id on disk...
         Starting Create Volatile Files and Directories...
         Starting Run snappy firstboot setup...
         Starting Set console font and keymap...
[[0;32m  OK  [0m] Started Commit a transient machine-id on disk.
[[0;32m  OK  [0m] Started Create Volatile Files and Directories.
[[0;32m  OK  [0m] Started Tell Plymouth To Write Out Runtime Data.
         Starting Update UTMP about System Boot/Shutdown...
[[0;32m  OK  [0m] Reached target System Time Synchronized.
[[0;32m  OK  [0m] Found device /dev/ttyS0.
[[0;32m  OK  [0m] Started Update UTMP about System Boot/Shutdown.
[[0;32m  OK  [0m] Started Run snappy firstboot setup.
[[0;32m  OK  [0m] Listening on Load/Save RF Kill Switch Status /dev/rfkill Watch.
[[0;32m  OK  [0m] Started LSB: AppArmor initialization.
[   21.721791] cloud-init[512]: Cloud-init v. 0.7.8 running 'init-local' at Sat, 19 Nov 2016 10:59:40 +0000. Up 19.81 seconds.
[[0;32m  OK  [0m] Reached target System Initialization.
         Starting LXD - unix socket.
[[0;32m  OK  [0m] Listening on ACPID Listen Socket.
[[0;32m  OK  [0m] Listening on D-Bus System Message Bus Socket.
[[0;32m  OK  [0m] Listening on UUID daemon activation socket.
[[0;32m  OK  [0m] Started Daily Cleanup of Temporary Directories.
         Starting Socket activation for snappy daemon.
[[0;32m  OK  [0m] Started Timer to automatically refresh installed snaps.
[[0;32m  OK  [0m] Started Trigger resolvconf update for networkd DNS.
[[0;32m  OK  [0m] Started Daily apt activities.
[[0;32m  OK  [0m] Reached target Timers.
[[0;32m  OK  [0m] Started ACPI Events Check.
[[0;32m  OK  [0m] Reached target Paths.
[[0;32m  OK  [0m] Listening on LXD - unix socket.
[[0;32m  OK  [0m] Listening on Socket activation for snappy daemon.
[[0;32m  OK  [0m] Started Initial cloud-init job (pre-networking).
[[0;32m  OK  [0m] Reached target Network (Pre).
         Starting Raise network interfaces...
[[0;32m  OK  [0m] Reached target Sockets.
[[0;32m  OK  [0m] Reached target Basic System.
[[0;32m  OK  [0m] Started Snappy daemon.
         Starting LSB: Record successful boot for GRUB...
         Starting System Logging Service...
[[0;32m  OK  [0m] Started ACPI event daemon.
         Starting LXD - container startup/shutdown...
         Starting LSB: MD monitoring daemon...
         Starting Accounts Service...
[[0;32m  OK  [0m] Started Regular background program processing daemon.
[[0;32m  OK  [0m] Started FUSE filesystem for LXC.
         Starting Login Service...
[[0;32m  OK  [0m] Started D-Bus System Message Bus.
[[0;32m  OK  [0m] Started Deferred execution scheduler.
[[0;32m  OK  [0m] Started System Logging Service.
[[0;32m  OK  [0m] Started LXD - container startup/shutdown.
[[0;32m  OK  [0m] Started Login Service.
         Starting Authenticate and Authorize Users to Run Privileged Tasks...
[[0;32m  OK  [0m] Started Set console font and keymap.
[[0;32m  OK  [0m] Started LSB: Record successful boot for GRUB.
[[0;32m  OK  [0m] Created slice system-getty.slice.
[[0;32m  OK  [0m] Started Authenticate and Authorize Users to Run Privileged Tasks.
[[0;32m  OK  [0m] Started Accounts Service.
[[0;32m  OK  [0m] Started LSB: MD monitoring daemon.
[[0;32m  OK  [0m] Started Raise network interfaces.
[[0;32m  OK  [0m] Reached target Network.
         Starting Initial cloud-init job (metadata service crawler)...
[   27.904944] cloud-init[1008]: Cloud-init v. 0.7.8 running 'init' at Sat, 19 Nov 2016 10:59:46 +0000. Up 26.30 seconds.
[   27.956744] cloud-init[1008]: ci-info: +++++++++++++++++++++++++++++++++++++Net device info++++++++++++++++++++++++++++++++++++++
[   27.976832] cloud-init[1008]: ci-info: +--------+------+----------------------------+---------------+-------+-------------------+
[   28.037018] cloud-init[1008]: ci-info: | Device |  Up  |          Address           |      Mask     | Scope |     Hw-Address    |
[[0;32m  OK  [0m] Started Initial cloud-init job (metadata service crawler).
[   28.100163] cloud-init[1008]: ci-info: +--------+------+----------------------------+---------------+-------+-------------------+
[   28.312627] [cloud-init[0;32m  OK  [0m[1008]: ] ci-info: | enp0s3 | True |         10.0.2.15          | 255.255.255.0 |   .   | 02:fb:bf:71:66:a5 |Reached target Network is Online.

[   28.313513] cloud-init[1008]: ci-info: | enp0s3 | True | fe80::fb:bfff:fe71:66a5/64 |       .       |  link | 02:fb:bf:71:66:a5 |
[   28.517304] cloud-init[1008]: ci-info: |   lo   | True |         127.0.0.1          |   255.0.0.0   |   .   |         .         |
         Starting /etc/rc.local Compatibility...
[   28.598173] cloud-init[1008]: ci-info: |   lo   | True |          ::1/128           |       .       |  host |         .         |
[   28.684810] cloud-init[1008]: ci-info: +--------+------+----------------------------+---------------+-------+-------------------+
         Starting iSCSI initiator daemon (iscsid)...
[   28.712227] cloud-init[1008]: ci-info: +++++++++++++++++++++++++++Route IPv4 info++++++++++++++++++++++++++++
[   28.772758] cloud-init[1008]: ci-info: +-------+-------------+----------+---------------+-----------+-------+
[   28.773140] cloud-init[1008]: ci-info: | Route | Destination | Gateway  |    Genmask    | Interface | Flags |
         Starting Pollinate to seed the pseudo random number generator...
[[0;32m  OK  [0m] Reached target Cloud-config availability.
[   28.773283] cloud-init[1008]: ci-info: +-------+-------------+----------+---------------+-----------+-------+
[   28.864895] cloud-init[1008]: ci-info: |   0   |   0.0.0.0   | 10.0.2.2 |    0.0.0.0    |   enp0s3  |   UG  |
         Starting Apply the settings specified in cloud-config...[   28.884905] cloud-init[1008]: ci-info: |   1   |   10.0.2.0  | 0.0.0.0  | 255.255.255.0 |   enp0s3  |   U   |
[   28.885982] cloud-init[1008]: ci-info: +-------+-------------+----------+---------------+-----------+-------+
[   28.886487] cloud-init[1008]: Generating public/private rsa key pair.
[   28.886589] cloud-init[1008]: Your identification has been saved in /etc/ssh/ssh_host_rsa_key.
[   28.886679] cloud-init[1008]: Your public key has been saved in /etc/ssh/ssh_host_rsa_key.pub.
[   28.886760] cloud-init[1008]: The key fingerprint is:
[   28.886879] cloud-init[1008]: SHA256:6QnntjFMN5tyk5Bok9UMgirm9g7TsIC+Busyu668k1Q root@ubuntu-xenial
[   28.886951] cloud-init[1008]: The key's randomart image is:
[   28.887031] cloud-init[1008]: +---[RSA 2048]----+
[   28.887102] cloud-init[1008]: |     .. .        |
[   28.887169] cloud-init[1008]: |    .  . +       |
[   28.887261] cloud-init[1008]: |   .    . o      |
[   28.887387] cloud-init[1008]: |o..E   + o       |
[   28.887513] cloud-init[1008]: |=o.   * S o      |
[   28.887583] cloud-init[1008]: |+++  . O + =     |
[   28.887653] cloud-init[1008]: |+*o.    X *      |
[   28.887731] cloud-init[1008]: |=++.   . * .     |
[   28.887799] cloud-init[1008]: |XX+.    .        |
[   28.887876] cloud-init[1008]: +----[SHA256]-----+
[   28.887992] cloud-init[1008]: Generating public/private dsa key pair.

[[0;32m  OK  [0m] Started /etc/rc.local Compatibility.
[   28.894800] cloud-init[1008]: Your identification has been saved in /etc/ssh/ssh_host_dsa_key.
[   29.025802] cloud-init[1008]: Your public key has been saved in /etc/ssh/ssh_host_dsa_key.pub.
[   29.046172] cloud-init[1008]: The key fingerprint is:
[   29.049963] cloud-init[1008]: SHA256:qJMnrHHIE1HlPqH2OpsXjwdmkNlqGpoKbzB+OWj9lQs root@ubuntu-xenial
[   29.074173] cloud-init[1008]: The key's randomart image is:
[   29.088124] cloud-init[1008]: +---[DSA 1024]----+
[   29.091503] cloud-init[1008]: |    ...          |
[[0;32m  OK  [0m] Started iSCSI initiator daemon (iscsid).
[   29.106624] cloud-init[1008]: |   . .           |
[   29.132504] cloud-init[1008]: |  .  +o          |
[   29.135221] cloud-init[1008]: |   .+o.o         |
         Starting Login to default iSCSI targets...
[   29.162287] cloud-init[1008]: |  . oo+ S        |
[   29.176978] cloud-init[1008]: |o..=o+=..        |
[   29.180563] cloud-init[1008]: |o=B+OEoB         |
[   29.200209] cloud-init[1008]: |+=oX.*= +        |
[   29.206684] cloud-init[1008]: |+.+ *= o         |
[   29.211449] cloud-init[1008]: +----[SHA256]-----+
[   29.237611] cloud-init[1008]: Generating public/private ecdsa key pair.
[   29.242122] cloud-init[1008]: Your identification has been saved in /etc/ssh/ssh_host_ecdsa_key.
[   29.248741] cloud-init[1008]: Your public key has been saved in /etc/ssh/ssh_host_ecdsa_key.pub.
[   29.256079] cloud-init[1008]: The key fingerprint is:
[   29.269758] cloud-init[1008]: SHA256:AnRTqzWiW7/iypu6Rbq+FdpMdSgQvEzoGhdJwHeMw8A root@ubuntu-xenial
[[0;32m  OK  [0m] Started Login to default iSCSI targets.
[[0;32m  OK  [0m] Reached target Remote File Systems (Pre).
[[0;32m  OK  [0m] Reached target Remote File Systems.
[   29.347845] cloud-init[1008]: The key's randomart image is:
         Starting Permit User Sessions...
         Starting LSB: Set the CPU Frequency Scaling governor to "ondemand"...[   29.398007] cloud-init[1008]: +---[ECDSA 256]---+
[   29.425436] cloud-init[1008]: |+**o+ o..        |
[   29.425542] cloud-init[1008]: |.E=B + o .       |
[   29.425644] cloud-init[1008]: |.o.o= + =        |
[   29.425759] cloud-init[1008]: |..+  = = .       |
[   29.425859] cloud-init[1008]: |.o  = + S        |
[   29.425970] cloud-init[1008]: |.  B + o         |
[   29.426082] cloud-init[1008]: |  o *   .        |
[   29.426161] cloud-init[1008]: |   = ..  .       |
[   29.426330] 
         Starting LSB: daemon to balance interrupts for SMP systems...
cloud-init[1008]: | .*+=+...        |
         Starting LSB: automatic crash report generation...
[   29.502684] cloud-init[1008]: +----[SHA256]-----+
[   29.520999] cloud-init[1008]: Generating public/private ed25519 key pair.
         Starting LSB: VirtualBox Linux Additions...
[[0;32m  OK  [0m] Started Permit User Sessions.
[   29.542905] cloud-init[1008]: Your identification has been saved in /etc/ssh/ssh_host_ed25519_key.
         Starting Terminate Plymouth Boot Screen...
[   29.954692] cloud-init[1008]: Your public key has been saved in /etc/ssh/ssh_host_ed25519_key.pub.
         Starting Hold until boot process finishes up...
[[0;32m  OK  [0m] Started LSB: Set the CPU Frequency Scaling governor to "ondemand".
[[0;32m  OK  [0m] Started LSB: automatic crash report generation.
[[0;32m  OK  [0m] Started Terminate Plymouth Boot Screen.
[[0;32m  OK  [0m] Started Hold until boot process finishes up.
[   30.018964] cloud-init[1008]: The key fingerprint is:
[   30.106924] cloud-init[1008]: SHA256:WGeXfb1r+UrysQ6CHloW30GjN+9Gov34v4NnypyTZoQ root@ubuntu-xenial
[   30.129755] cloud-init[1008]: The key's randomart image is:
[   30.144418] cloud-init[1008]: +--[ED25519 256]--+
[   30.153148] cloud-init[1008]: |                 |
[   30.168718]          Starting Set console scheme...
cloud-init[1008]: |             o  .|
[[0;32m  OK  [0m] Started Getty on tty1.
[   30.197373] cloud-init[1008]: |        . o = . o|
[   30.228814] cloud-init[1008]: |       o o + . ..|
[   30.238897] [cloud-init[0;32m  OK  [0m[1008]: ] |      . S . =  . |Started Serial Getty on ttyS0.

[   30.239928] cloud-init[1008]: |         + E.=. o|
[   30.281341] [cloud-init[0;32m  OK  [0m[1008]: ] |        = oo=o*+ |Reached target Login Prompts.

[   30.282229] cloud-init[1008]: |       = ...+&+*.|
[   30.427798] cloud-init[1008]: |      . .   +X&+=|
[[0;32m  OK  [0m] Started LSB: VirtualBox Linux Additions.
[[0;32m  OK  [0m] Started Set console scheme.
[   30.448341] cloud-init[1008]: +----[SHA256]-----+
[   30.908088] cloud-init[1109]: Generating locales (this might take a while)...
[[0;32m  OK  [0m] Started Pollinate to seed the pseudo random number generator.
         Starting OpenBSD Secure Shell server...
[[0;32m  OK  [0m] Started OpenBSD Secure Shell server.
[   33.480633] cloud-init[1109]:   en_US.UTF-8... done
[   33.485910] cloud-init[1109]: Generation complete.
         Stopping OpenBSD Secure Shell server...
[[0;32m  OK  [0m] Stopped OpenBSD Secure Shell server.
         Starting OpenBSD Secure Shell server...
[[0;32m  OK  [0m] Started OpenBSD Secure Shell server.
[[0;32m  OK  [0m] Created slice User Slice of ubuntu.
[[0;32m  OK  [0m] Started Session 1 of user ubuntu.
         Starting User Manager for UID 1000...
[[0;32m  OK  [0m] Started User Manager for UID 1000.
[   35.281195] cloud-init[1109]: Cloud-init v. 0.7.8 running 'modules:config' at Sat, 19 Nov 2016 10:59:50 +0000. Up 30.59 seconds.

Ubuntu 16.04.1 LTS ubuntu-xenial ttyS0

ubuntu-xenial login: ci-info: +++++Authorized keys from /home/ubuntu/.ssh/authorized_keys for user ubuntu++++++
ci-info: +---------+-------------------------------------------------+---------+---------+
ci-info: | Keytype |                Fingerprint (md5)                | Options | Comment |
ci-info: +---------+-------------------------------------------------+---------+---------+
ci-info: | ssh-rsa | 9a:f9:72:4e:8d:2e:21:4a:0d:23:1f:8c:84:88:da:41 |    -    | vagrant |
ci-info: +---------+-------------------------------------------------+---------+---------+
<14>Nov 19 11:00:21 ec2: 
<14>Nov 19 11:00:21 ec2: #############################################################
<14>Nov 19 11:00:21 ec2: -----BEGIN SSH HOST KEY FINGERPRINTS-----
<14>Nov 19 11:00:21 ec2: 1024 SHA256:qJMnrHHIE1HlPqH2OpsXjwdmkNlqGpoKbzB+OWj9lQs root@ubuntu-xenial (DSA)
<14>Nov 19 11:00:21 ec2: 256 SHA256:AnRTqzWiW7/iypu6Rbq+FdpMdSgQvEzoGhdJwHeMw8A root@ubuntu-xenial (ECDSA)
<14>Nov 19 11:00:21 ec2: 256 SHA256:WGeXfb1r+UrysQ6CHloW30GjN+9Gov34v4NnypyTZoQ root@ubuntu-xenial (ED25519)
<14>Nov 19 11:00:21 ec2: 2048 SHA256:6QnntjFMN5tyk5Bok9UMgirm9g7TsIC+Busyu668k1Q root@ubuntu-xenial (RSA)
<14>Nov 19 11:00:21 ec2: -----END SSH HOST KEY FINGERPRINTS-----
<14>Nov 19 11:00:21 ec2: #############################################################
-----BEGIN SSH HOST KEY KEYS-----
ecdsa-sha2-nistp256 AAAAE2VjZHNhLXNoYTItbmlzdHAyNTYAAAAIbmlzdHAyNTYAAABBBBgxS8iNqZROlZNuJleKSSlCHZT1M/jQhLGB5gdIC0ZaDER1rv/CW2r9o/ztLaJODO8HvmLY+yB0PIGCKEofZVk= root@ubuntu-xenial
ssh-ed25519 AAAAC3NzaC1lZDI1NTE5AAAAIE9bziyWsIEncpQErFs6dIuN5WdbKdBr/vDdnaxjNUCl root@ubuntu-xenial
ssh-rsa AAAAB3NzaC1yc2EAAAADAQABAAABAQDdp9JV8F2SIGm+ZeJ9940owPQJ4faWjSJ7lq7BVlUHytu+h8Fb8+hojWZ7BtC8XZ/P475QOAVlLfQA7gy2x1f/BT684eIVLqat4QPbg2qoRclNgjZPYNk0PMnRg58eJezM+kkH1vYgZaTZGJjgAk8AjigwHFDqrvASEH6lJk6WlmaDgfWqWz1CfpoBbLwgdzAgd2wEBvG929ddHRFlx9OjYaV6LFha68N3jUrXCjEbI7HegkSKmSOAVIMfA8siAbm5V+wqrNYpJjJElJHxbYY1mqUguDc7uj9ZsyEGjDK3nh9lkKsxf7sANGkWpTRfUNwookPDFGEBAkaELfSKin39 root@ubuntu-xenial
-----END SSH HOST KEY KEYS-----
[   61.735108] cloud-init[1725]: Cloud-init v. 0.7.8 running 'modules:final' at Sat, 19 Nov 2016 11:00:21 +0000. Up 61.36 seconds.
[   61.735341] cloud-init[1725]: Cloud-init v. 0.7.8 finished at Sat, 19 Nov 2016 11:00:21 +0000. Datasource DataSourceNoCloud [seed=/dev/sdb][dsmode=net].  Up 61.70 seconds
